<?xml version="1.0" encoding="UTF-8"?>
<testsuite xmlns:xsi="http://www.w3.org/2001/XMLSchema-instance" xsi:noNamespaceSchemaLocation="https://maven.apache.org/surefire/maven-surefire-plugin/xsd/surefire-test-report.xsd" name="com.example.demo.controller.FluxAndMonoControllerTest" time="19.578" tests="7" errors="0" skipped="0" failures="0">
  <properties>
[...]
</properties>
  <testcase name="fluxInfiniteStream_Test_Approach_1" classname="com.example.demo.controller.FluxAndMonoControllerTest" time="3.099"/>
  <testcase name="mono_Test_Approach_1" classname="com.example.demo.controller.FluxAndMonoControllerTest" time="0.01"/>
  <testcase name="mono_Test_Approach_2" classname="com.example.demo.controller.FluxAndMonoControllerTest" time="0.004"/>
  <testcase name="getFlux_Test_Approach_1" classname="com.example.demo.controller.FluxAndMonoControllerTest" time="4.023"/>
  <testcase name="getFlux_Test_Approach_2" classname="com.example.demo.controller.FluxAndMonoControllerTest" time="4.02"/>
  <testcase name="getFlux_Test_Approach_3" classname="com.example.demo.controller.FluxAndMonoControllerTest" time="4.02"/>
  <testcase name="getFlux_Test_Approach_4" classname="com.example.demo.controller.FluxAndMonoControllerTest" time="4.012"/>
</testsuite>